2015-04-13 03:49:19 Error: [MissingViewException] View file "Vehicles/index.ctp" is missing.
Exception Attributes: array (
  'file' => 'Vehicles/index.ctp',
)
Request URL: /edu.taller/vehicles
Stack Trace:
#0 /Applications/XAMPP/xamppfiles/htdocs/cakephp-2.6.3/lib/Cake/View/View.php(470): View->_getViewFileName(NULL)
#1 /Applications/XAMPP/xamppfiles/htdocs/cakephp-2.6.3/lib/Cake/Controller/Controller.php(960): View->render(NULL, NULL)
#2 /Applications/XAMPP/xamppfiles/htdocs/cakephp-2.6.3/lib/Cake/Routing/Dispatcher.php(200): Controller->render()
#3 /Applications/XAMPP/xamppfiles/htdocs/cakephp-2.6.3/lib/Cake/Routing/Dispatcher.php(167): Dispatcher->_invoke(Object(VehiclesController), Object(CakeRequest))
#4 /Applications/XAMPP/xamppfiles/htdocs/edu.taller/webroot/index.php(109): Dispatcher->dispatch(Object(CakeRequest), Object(CakeResponse))
#5 {main}
2015-04-13 03:49:51 Error: [MissingViewException] View file "Vehicles/index.ctp" is missing.
Exception Attributes: array (
  'file' => 'Vehicles/index.ctp',
)
Request URL: /edu.taller/vehicles
Stack Trace:
#0 /Applications/XAMPP/xamppfiles/htdocs/cakephp-2.6.3/lib/Cake/View/View.php(470): View->_getViewFileName(NULL)
#1 /Applications/XAMPP/xamppfiles/htdocs/cakephp-2.6.3/lib/Cake/Controller/Controller.php(960): View->render(NULL, NULL)
#2 /Applications/XAMPP/xamppfiles/htdocs/cakephp-2.6.3/lib/Cake/Routing/Dispatcher.php(200): Controller->render()
#3 /Applications/XAMPP/xamppfiles/htdocs/cakephp-2.6.3/lib/Cake/Routing/Dispatcher.php(167): Dispatcher->_invoke(Object(VehiclesController), Object(CakeRequest))
#4 /Applications/XAMPP/xamppfiles/htdocs/edu.taller/webroot/index.php(109): Dispatcher->dispatch(Object(CakeRequest), Object(CakeResponse))
#5 {main}
2015-04-13 04:22:57 Error: [MissingViewException] View file "Provincias/index.ctp" is missing.
Exception Attributes: array (
  'file' => 'Provincias/index.ctp',
)
Request URL: /edu.taller/provincias
Stack Trace:
#0 /Applications/XAMPP/xamppfiles/htdocs/cakephp-2.6.3/lib/Cake/View/View.php(470): View->_getViewFileName(NULL)
#1 /Applications/XAMPP/xamppfiles/htdocs/cakephp-2.6.3/lib/Cake/Controller/Controller.php(960): View->render(NULL, NULL)
#2 /Applications/XAMPP/xamppfiles/htdocs/cakephp-2.6.3/lib/Cake/Routing/Dispatcher.php(200): Controller->render()
#3 /Applications/XAMPP/xamppfiles/htdocs/cakephp-2.6.3/lib/Cake/Routing/Dispatcher.php(167): Dispatcher->_invoke(Object(ProvinciasController), Object(CakeRequest))
#4 /Applications/XAMPP/xamppfiles/htdocs/edu.taller/webroot/index.php(109): Dispatcher->dispatch(Object(CakeRequest), Object(CakeResponse))
#5 {main}
2015-04-13 04:26:11 Error: [MissingViewException] View file "Provincias/index.ctp" is missing.
Exception Attributes: array (
  'file' => 'Provincias/index.ctp',
)
Request URL: /edu.taller/provincias
Stack Trace:
#0 /Applications/XAMPP/xamppfiles/htdocs/cakephp-2.6.3/lib/Cake/View/View.php(470): View->_getViewFileName(NULL)
#1 /Applications/XAMPP/xamppfiles/htdocs/cakephp-2.6.3/lib/Cake/Controller/Controller.php(960): View->render(NULL, NULL)
#2 /Applications/XAMPP/xamppfiles/htdocs/cakephp-2.6.3/lib/Cake/Routing/Dispatcher.php(200): Controller->render()
#3 /Applications/XAMPP/xamppfiles/htdocs/cakephp-2.6.3/lib/Cake/Routing/Dispatcher.php(167): Dispatcher->_invoke(Object(ProvinciasController), Object(CakeRequest))
#4 /Applications/XAMPP/xamppfiles/htdocs/edu.taller/webroot/index.php(109): Dispatcher->dispatch(Object(CakeRequest), Object(CakeResponse))
#5 {main}
2015-04-13 04:26:14 Error: [MissingViewException] View file "Provincias/index.ctp" is missing.
Exception Attributes: array (
  'file' => 'Provincias/index.ctp',
)
Request URL: /edu.taller/provincias
Stack Trace:
#0 /Applications/XAMPP/xamppfiles/htdocs/cakephp-2.6.3/lib/Cake/View/View.php(470): View->_getViewFileName(NULL)
#1 /Applications/XAMPP/xamppfiles/htdocs/cakephp-2.6.3/lib/Cake/Controller/Controller.php(960): View->render(NULL, NULL)
#2 /Applications/XAMPP/xamppfiles/htdocs/cakephp-2.6.3/lib/Cake/Routing/Dispatcher.php(200): Controller->render()
#3 /Applications/XAMPP/xamppfiles/htdocs/cakephp-2.6.3/lib/Cake/Routing/Dispatcher.php(167): Dispatcher->_invoke(Object(ProvinciasController), Object(CakeRequest))
#4 /Applications/XAMPP/xamppfiles/htdocs/edu.taller/webroot/index.php(109): Dispatcher->dispatch(Object(CakeRequest), Object(CakeResponse))
#5 {main}
2015-04-13 04:27:12 Error: [MissingViewException] View file "Provincias/index.ctp" is missing.
Exception Attributes: array (
  'file' => 'Provincias/index.ctp',
)
Request URL: /edu.taller/provincias
Stack Trace:
#0 /Applications/XAMPP/xamppfiles/htdocs/cakephp-2.6.3/lib/Cake/View/View.php(470): View->_getViewFileName(NULL)
#1 /Applications/XAMPP/xamppfiles/htdocs/cakephp-2.6.3/lib/Cake/Controller/Controller.php(960): View->render(NULL, NULL)
#2 /Applications/XAMPP/xamppfiles/htdocs/cakephp-2.6.3/lib/Cake/Routing/Dispatcher.php(200): Controller->render()
#3 /Applications/XAMPP/xamppfiles/htdocs/cakephp-2.6.3/lib/Cake/Routing/Dispatcher.php(167): Dispatcher->_invoke(Object(ProvinciasController), Object(CakeRequest))
#4 /Applications/XAMPP/xamppfiles/htdocs/edu.taller/webroot/index.php(109): Dispatcher->dispatch(Object(CakeRequest), Object(CakeResponse))
#5 {main}
2015-04-13 04:28:15 Error: [MissingViewException] View file "Provincias/index.ctp" is missing.
Exception Attributes: array (
  'file' => 'Provincias/index.ctp',
)
Request URL: /edu.taller/provincias
Stack Trace:
#0 /Applications/XAMPP/xamppfiles/htdocs/cakephp-2.6.3/lib/Cake/View/View.php(470): View->_getViewFileName(NULL)
#1 /Applications/XAMPP/xamppfiles/htdocs/cakephp-2.6.3/lib/Cake/Controller/Controller.php(960): View->render(NULL, NULL)
#2 /Applications/XAMPP/xamppfiles/htdocs/cakephp-2.6.3/lib/Cake/Routing/Dispatcher.php(200): Controller->render()
#3 /Applications/XAMPP/xamppfiles/htdocs/cakephp-2.6.3/lib/Cake/Routing/Dispatcher.php(167): Dispatcher->_invoke(Object(ProvinciasController), Object(CakeRequest))
#4 /Applications/XAMPP/xamppfiles/htdocs/edu.taller/webroot/index.php(109): Dispatcher->dispatch(Object(CakeRequest), Object(CakeResponse))
#5 {main}
2015-04-14 03:34:11 Error: Fatal Error (1): Call to a member function find() on a non-object in [/Applications/XAMPP/xamppfiles/htdocs/edu.taller/Controller/ClientsController.php, line 59]
2015-04-14 03:34:11 Error: [FatalErrorException] Call to a member function find() on a non-object
Request URL: /edu.taller/clients/add
Stack Trace:
#0 /Applications/XAMPP/xamppfiles/htdocs/cakephp-2.6.3/lib/Cake/Error/ErrorHandler.php(213): ErrorHandler::handleFatalError(1, 'Call to a membe...', '/Applications/X...', 59)
#1 [internal function]: ErrorHandler::handleError(1, 'Call to a membe...', '/Applications/X...', 59, Array)
#2 /Applications/XAMPP/xamppfiles/htdocs/cakephp-2.6.3/lib/Cake/Core/App.php(931): call_user_func('ErrorHandler::h...', 1, 'Call to a membe...', '/Applications/X...', 59, Array)
#3 /Applications/XAMPP/xamppfiles/htdocs/cakephp-2.6.3/lib/Cake/Core/App.php(904): App::_checkFatalError()
#4 [internal function]: App::shutdown()
#5 {main}
2015-04-14 03:34:12 Error: Fatal Error (1): Call to a member function find() on a non-object in [/Applications/XAMPP/xamppfiles/htdocs/edu.taller/Controller/ClientsController.php, line 59]
2015-04-14 03:34:12 Error: [FatalErrorException] Call to a member function find() on a non-object
Request URL: /edu.taller/clients/add
Stack Trace:
#0 /Applications/XAMPP/xamppfiles/htdocs/cakephp-2.6.3/lib/Cake/Error/ErrorHandler.php(213): ErrorHandler::handleFatalError(1, 'Call to a membe...', '/Applications/X...', 59)
#1 [internal function]: ErrorHandler::handleError(1, 'Call to a membe...', '/Applications/X...', 59, Array)
#2 /Applications/XAMPP/xamppfiles/htdocs/cakephp-2.6.3/lib/Cake/Core/App.php(931): call_user_func('ErrorHandler::h...', 1, 'Call to a membe...', '/Applications/X...', 59, Array)
#3 /Applications/XAMPP/xamppfiles/htdocs/cakephp-2.6.3/lib/Cake/Core/App.php(904): App::_checkFatalError()
#4 [internal function]: App::shutdown()
#5 {main}
2015-04-14 03:34:42 Error: Fatal Error (1): Call to a member function find() on a non-object in [/Applications/XAMPP/xamppfiles/htdocs/edu.taller/Controller/DepartamentosController.php, line 59]
2015-04-14 03:34:42 Error: [FatalErrorException] Call to a member function find() on a non-object
Request URL: /edu.taller/departamentos/add
Stack Trace:
#0 /Applications/XAMPP/xamppfiles/htdocs/cakephp-2.6.3/lib/Cake/Error/ErrorHandler.php(213): ErrorHandler::handleFatalError(1, 'Call to a membe...', '/Applications/X...', 59)
#1 [internal function]: ErrorHandler::handleError(1, 'Call to a membe...', '/Applications/X...', 59, Array)
#2 /Applications/XAMPP/xamppfiles/htdocs/cakephp-2.6.3/lib/Cake/Core/App.php(931): call_user_func('ErrorHandler::h...', 1, 'Call to a membe...', '/Applications/X...', 59, Array)
#3 /Applications/XAMPP/xamppfiles/htdocs/cakephp-2.6.3/lib/Cake/Core/App.php(904): App::_checkFatalError()
#4 [internal function]: App::shutdown()
#5 {main}
2015-04-14 03:34:45 Error: [MissingViewException] View file "Departamentos/index.ctp" is missing.
Exception Attributes: array (
  'file' => 'Departamentos/index.ctp',
)
Request URL: /edu.taller/departamentos
Stack Trace:
#0 /Applications/XAMPP/xamppfiles/htdocs/cakephp-2.6.3/lib/Cake/View/View.php(470): View->_getViewFileName(NULL)
#1 /Applications/XAMPP/xamppfiles/htdocs/cakephp-2.6.3/lib/Cake/Controller/Controller.php(960): View->render(NULL, NULL)
#2 /Applications/XAMPP/xamppfiles/htdocs/cakephp-2.6.3/lib/Cake/Routing/Dispatcher.php(200): Controller->render()
#3 /Applications/XAMPP/xamppfiles/htdocs/cakephp-2.6.3/lib/Cake/Routing/Dispatcher.php(167): Dispatcher->_invoke(Object(DepartamentosController), Object(CakeRequest))
#4 /Applications/XAMPP/xamppfiles/htdocs/edu.taller/webroot/index.php(109): Dispatcher->dispatch(Object(CakeRequest), Object(CakeResponse))
#5 {main}
2015-04-14 03:34:54 Error: Fatal Error (1): Call to a member function find() on a non-object in [/Applications/XAMPP/xamppfiles/htdocs/edu.taller/Controller/ClientsController.php, line 59]
2015-04-14 03:34:54 Error: [FatalErrorException] Call to a member function find() on a non-object
Request URL: /edu.taller/clients/add
Stack Trace:
#0 /Applications/XAMPP/xamppfiles/htdocs/cakephp-2.6.3/lib/Cake/Error/ErrorHandler.php(213): ErrorHandler::handleFatalError(1, 'Call to a membe...', '/Applications/X...', 59)
#1 [internal function]: ErrorHandler::handleError(1, 'Call to a membe...', '/Applications/X...', 59, Array)
#2 /Applications/XAMPP/xamppfiles/htdocs/cakephp-2.6.3/lib/Cake/Core/App.php(931): call_user_func('ErrorHandler::h...', 1, 'Call to a membe...', '/Applications/X...', 59, Array)
#3 /Applications/XAMPP/xamppfiles/htdocs/cakephp-2.6.3/lib/Cake/Core/App.php(904): App::_checkFatalError()
#4 [internal function]: App::shutdown()
#5 {main}
2015-04-14 03:39:23 Error: Fatal Error (1): Call to a member function find() on a non-object in [/Applications/XAMPP/xamppfiles/htdocs/edu.taller/Controller/ClientsController.php, line 59]
2015-04-14 03:39:23 Error: [FatalErrorException] Call to a member function find() on a non-object
Request URL: /edu.taller/clients/add
Stack Trace:
#0 /Applications/XAMPP/xamppfiles/htdocs/cakephp-2.6.3/lib/Cake/Error/ErrorHandler.php(213): ErrorHandler::handleFatalError(1, 'Call to a membe...', '/Applications/X...', 59)
#1 [internal function]: ErrorHandler::handleError(1, 'Call to a membe...', '/Applications/X...', 59, Array)
#2 /Applications/XAMPP/xamppfiles/htdocs/cakephp-2.6.3/lib/Cake/Core/App.php(931): call_user_func('ErrorHandler::h...', 1, 'Call to a membe...', '/Applications/X...', 59, Array)
#3 /Applications/XAMPP/xamppfiles/htdocs/cakephp-2.6.3/lib/Cake/Core/App.php(904): App::_checkFatalError()
#4 [internal function]: App::shutdown()
#5 {main}
2015-04-14 03:41:55 Error: Fatal Error (1): Call to a member function find() on a non-object in [/Applications/XAMPP/xamppfiles/htdocs/edu.taller/Controller/ClientsController.php, line 59]
2015-04-14 03:41:55 Error: [FatalErrorException] Call to a member function find() on a non-object
Request URL: /edu.taller/clients/add
Stack Trace:
#0 /Applications/XAMPP/xamppfiles/htdocs/cakephp-2.6.3/lib/Cake/Error/ErrorHandler.php(213): ErrorHandler::handleFatalError(1, 'Call to a membe...', '/Applications/X...', 59)
#1 [internal function]: ErrorHandler::handleError(1, 'Call to a membe...', '/Applications/X...', 59, Array)
#2 /Applications/XAMPP/xamppfiles/htdocs/cakephp-2.6.3/lib/Cake/Core/App.php(931): call_user_func('ErrorHandler::h...', 1, 'Call to a membe...', '/Applications/X...', 59, Array)
#3 /Applications/XAMPP/xamppfiles/htdocs/cakephp-2.6.3/lib/Cake/Core/App.php(904): App::_checkFatalError()
#4 [internal function]: App::shutdown()
#5 {main}
2015-04-14 03:41:58 Error: Fatal Error (1): Call to a member function find() on a non-object in [/Applications/XAMPP/xamppfiles/htdocs/edu.taller/Controller/ClientsController.php, line 59]
2015-04-14 03:41:58 Error: [FatalErrorException] Call to a member function find() on a non-object
Request URL: /edu.taller/clients/add
Stack Trace:
#0 /Applications/XAMPP/xamppfiles/htdocs/cakephp-2.6.3/lib/Cake/Error/ErrorHandler.php(213): ErrorHandler::handleFatalError(1, 'Call to a membe...', '/Applications/X...', 59)
#1 [internal function]: ErrorHandler::handleError(1, 'Call to a membe...', '/Applications/X...', 59, Array)
#2 /Applications/XAMPP/xamppfiles/htdocs/cakephp-2.6.3/lib/Cake/Core/App.php(931): call_user_func('ErrorHandler::h...', 1, 'Call to a membe...', '/Applications/X...', 59, Array)
#3 /Applications/XAMPP/xamppfiles/htdocs/cakephp-2.6.3/lib/Cake/Core/App.php(904): App::_checkFatalError()
#4 [internal function]: App::shutdown()
#5 {main}
2015-04-14 03:49:41 Error: Fatal Error (1): Call to a member function find() on a non-object in [/Applications/XAMPP/xamppfiles/htdocs/edu.taller/Controller/ClientsController.php, line 59]
2015-04-14 03:49:41 Error: [FatalErrorException] Call to a member function find() on a non-object
Request URL: /edu.taller/clients/add
Stack Trace:
#0 /Applications/XAMPP/xamppfiles/htdocs/cakephp-2.6.3/lib/Cake/Error/ErrorHandler.php(213): ErrorHandler::handleFatalError(1, 'Call to a membe...', '/Applications/X...', 59)
#1 [internal function]: ErrorHandler::handleError(1, 'Call to a membe...', '/Applications/X...', 59, Array)
#2 /Applications/XAMPP/xamppfiles/htdocs/cakephp-2.6.3/lib/Cake/Core/App.php(931): call_user_func('ErrorHandler::h...', 1, 'Call to a membe...', '/Applications/X...', 59, Array)
#3 /Applications/XAMPP/xamppfiles/htdocs/cakephp-2.6.3/lib/Cake/Core/App.php(904): App::_checkFatalError()
#4 [internal function]: App::shutdown()
#5 {main}
2015-04-14 03:53:32 Error: [MissingTableException] Table pais for model Pais was not found in datasource default.
Exception Attributes: array (
  'table' => 'pais',
  'class' => 'Pais',
  'ds' => 'default',
)
Request URL: /edu.taller/clients/
Stack Trace:
#0 /Applications/XAMPP/xamppfiles/htdocs/cakephp-2.6.3/lib/Cake/Model/Model.php(3644): Model->setSource('pais')
#1 /Applications/XAMPP/xamppfiles/htdocs/cakephp-2.6.3/lib/Cake/Model/Model.php(1387): Model->getDataSource()
#2 /Applications/XAMPP/xamppfiles/htdocs/cakephp-2.6.3/lib/Cake/Model/Datasource/DboSource.php(2516): Model->schema()
#3 /Applications/XAMPP/xamppfiles/htdocs/cakephp-2.6.3/lib/Cake/Model/Datasource/DboSource.php(1741): DboSource->fields(Object(AppModel), 'Pais', '')
#4 /Applications/XAMPP/xamppfiles/htdocs/cakephp-2.6.3/lib/Cake/Model/Datasource/DboSource.php(1093): DboSource->generateAssociationQuery(Object(Client), Object(AppModel), 'belongsTo', 'Pais', Array, Array, false)
#5 /Applications/XAMPP/xamppfiles/htdocs/cakephp-2.6.3/lib/Cake/Model/Model.php(3022): DboSource->read(Object(Client), Array)
#6 /Applications/XAMPP/xamppfiles/htdocs/cakephp-2.6.3/lib/Cake/Model/Model.php(2994): Model->_readDataSource('all', Array)
#7 /Applications/XAMPP/xamppfiles/htdocs/cakephp-2.6.3/lib/Cake/Controller/Component/PaginatorComponent.php(196): Model->find('all', Array)
#8 /Applications/XAMPP/xamppfiles/htdocs/edu.taller/Controller/ClientsController.php(26): PaginatorComponent->paginate()
#9 [internal function]: ClientsController->index()
#10 /Applications/XAMPP/xamppfiles/htdocs/cakephp-2.6.3/lib/Cake/Controller/Controller.php(490): ReflectionMethod->invokeArgs(Object(ClientsController), Array)
#11 /Applications/XAMPP/xamppfiles/htdocs/cakephp-2.6.3/lib/Cake/Routing/Dispatcher.php(193): Controller->invokeAction(Object(CakeRequest))
#12 /Applications/XAMPP/xamppfiles/htdocs/cakephp-2.6.3/lib/Cake/Routing/Dispatcher.php(167): Dispatcher->_invoke(Object(ClientsController), Object(CakeRequest))
#13 /Applications/XAMPP/xamppfiles/htdocs/edu.taller/webroot/index.php(109): Dispatcher->dispatch(Object(CakeRequest), Object(CakeResponse))
#14 {main}
2015-04-15 02:33:28 Error: [MissingTableException] Table pais for model Pais was not found in datasource default.
Exception Attributes: array (
  'table' => 'pais',
  'class' => 'Pais',
  'ds' => 'default',
)
Request URL: /edu.taller/clients
Stack Trace:
#0 /Applications/XAMPP/xamppfiles/htdocs/cakephp-2.6.3/lib/Cake/Model/Model.php(3644): Model->setSource('pais')
#1 /Applications/XAMPP/xamppfiles/htdocs/cakephp-2.6.3/lib/Cake/Model/Model.php(1387): Model->getDataSource()
#2 /Applications/XAMPP/xamppfiles/htdocs/cakephp-2.6.3/lib/Cake/Model/Datasource/DboSource.php(2516): Model->schema()
#3 /Applications/XAMPP/xamppfiles/htdocs/cakephp-2.6.3/lib/Cake/Model/Datasource/DboSource.php(1741): DboSource->fields(Object(AppModel), 'Pais', '')
#4 /Applications/XAMPP/xamppfiles/htdocs/cakephp-2.6.3/lib/Cake/Model/Datasource/DboSource.php(1093): DboSource->generateAssociationQuery(Object(Client), Object(AppModel), 'belongsTo', 'Pais', Array, Array, false)
#5 /Applications/XAMPP/xamppfiles/htdocs/cakephp-2.6.3/lib/Cake/Model/Model.php(3022): DboSource->read(Object(Client), Array)
#6 /Applications/XAMPP/xamppfiles/htdocs/cakephp-2.6.3/lib/Cake/Model/Model.php(2994): Model->_readDataSource('all', Array)
#7 /Applications/XAMPP/xamppfiles/htdocs/cakephp-2.6.3/lib/Cake/Controller/Component/PaginatorComponent.php(196): Model->find('all', Array)
#8 /Applications/XAMPP/xamppfiles/htdocs/edu.taller/Controller/ClientsController.php(26): PaginatorComponent->paginate()
#9 [internal function]: ClientsController->index()
#10 /Applications/XAMPP/xamppfiles/htdocs/cakephp-2.6.3/lib/Cake/Controller/Controller.php(490): ReflectionMethod->invokeArgs(Object(ClientsController), Array)
#11 /Applications/XAMPP/xamppfiles/htdocs/cakephp-2.6.3/lib/Cake/Routing/Dispatcher.php(193): Controller->invokeAction(Object(CakeRequest))
#12 /Applications/XAMPP/xamppfiles/htdocs/cakephp-2.6.3/lib/Cake/Routing/Dispatcher.php(167): Dispatcher->_invoke(Object(ClientsController), Object(CakeRequest))
#13 /Applications/XAMPP/xamppfiles/htdocs/edu.taller/webroot/index.php(109): Dispatcher->dispatch(Object(CakeRequest), Object(CakeResponse))
#14 {main}
2015-04-15 02:33:39 Error: [MissingControllerException] Controller class ProvincesController could not be found.
Exception Attributes: array (
  'class' => 'ProvincesController',
  'plugin' => NULL,
)
Request URL: /edu.taller/provinces
Stack Trace:
#0 /Applications/XAMPP/xamppfiles/htdocs/edu.taller/webroot/index.php(109): Dispatcher->dispatch(Object(CakeRequest), Object(CakeResponse))
#1 {main}
2015-04-15 04:32:00 Error: [MissingControllerException] Controller class DepartmentsController could not be found.
Exception Attributes: array (
  'class' => 'DepartmentsController',
  'plugin' => NULL,
)
Request URL: /edu.taller/departments
Stack Trace:
#0 /Applications/XAMPP/xamppfiles/htdocs/edu.taller/webroot/index.php(109): Dispatcher->dispatch(Object(CakeRequest), Object(CakeResponse))
#1 {main}
2015-04-15 04:32:06 Error: [MissingControllerException] Controller class DepartmentsController could not be found.
Exception Attributes: array (
  'class' => 'DepartmentsController',
  'plugin' => NULL,
)
Request URL: /edu.taller/departments/view/1
Stack Trace:
#0 /Applications/XAMPP/xamppfiles/htdocs/edu.taller/webroot/index.php(109): Dispatcher->dispatch(Object(CakeRequest), Object(CakeResponse))
#1 {main}
